Using pre-set license
Built from '2020.3/staging' branch; Version is '2020.3.21f1 (a38c86f6690f) revision 10718342'; Using compiler version '192528614'; Build Type 'Release'
OS: 'Windows 10 Home; OS build 22000.282; Version 2009; 64bit' Language: 'en' Physical Memory: 16310 MB
BatchMode: 1, IsHumanControllingUs: 0, StartBugReporterOnCrash: 0, Is64bit: 1, IsPro: 0

COMMAND LINE ARGUMENTS:
C:\Program Files\Unity\Hub\Editor\2020.3.21f1\Editor\Unity.exe
-adb2
-batchMode
-noUpm
-name
AssetImportWorker0
-projectPath
E:/Creativeness Productions/Coding/Unity Projects/RG (1)
-logFile
Logs/AssetImportWorker0.log
-srvPort
49188
Successfully changed project path to: E:/Creativeness Productions/Coding/Unity Projects/RG (1)
E:/Creativeness Productions/Coding/Unity Projects/RG (1)
Using Asset Import Pipeline V2.
Refreshing native plugins compatible for Editor in 42.04 ms, found 2 plugins.
Preloading 0 native plugins for Editor in 0.00 ms.
Initialize engine version: 2020.3.21f1 (a38c86f6690f)
[Subsystems] Discovering subsystems at path C:/Program Files/Unity/Hub/Editor/2020.3.21f1/Editor/Data/Resources/UnitySubsystems
[Subsystems] Discovering subsystems at path E:/Creativeness Productions/Coding/Unity Projects/RG (1)/Assets
GfxDevice: creating device client; threaded=0
Direct3D:
    Version:  Direct3D 11.0 [level 11.1]
    Renderer: NVIDIA GeForce RTX 3060 (ID=0x2504)
    Vendor:   
    VRAM:     12143 MB
    Driver:   30.0.14.9613
Initialize mono
Mono path[0] = 'C:/Program Files/Unity/Hub/Editor/2020.3.21f1/Editor/Data/Managed'
Mono path[1] = 'C:/Program Files/Unity/Hub/Editor/2020.3.21f1/Editor/Data/MonoBleedingEdge/lib/mono/unityjit'
Mono config path = 'C:/Program Files/Unity/Hub/Editor/2020.3.21f1/Editor/Data/MonoBleedingEdge/etc'
Using monoOptions --debugger-agent=transport=dt_socket,embedding=1,server=y,suspend=n,address=127.0.0.1:56376
Begin MonoManager ReloadAssembly
Registering precompiled unity dll's ...
Register platform support module: C:/Program Files/Unity/Hub/Editor/2020.3.21f1/Editor/Data/PlaybackEngines/WebGLSupport/UnityEditor.WebGL.Extensions.dll
Register platform support module: C:/Program Files/Unity/Hub/Editor/2020.3.21f1/Editor/Data/PlaybackEngines/MacStandaloneSupport/UnityEditor.OSXStandalone.Extensions.dll
Register platform support module: C:/Program Files/Unity/Hub/Editor/2020.3.21f1/Editor/Data/PlaybackEngines/WindowsStandaloneSupport/UnityEditor.WindowsStandalone.Extensions.dll
Register platform support module: C:/Program Files/Unity/Hub/Editor/2020.3.21f1/Editor/Data/PlaybackEngines/LinuxStandaloneSupport/UnityEditor.LinuxStandalone.Extensions.dll
Registered in 0.004447 seconds.
Native extension for LinuxStandalone target not found
Native extension for WindowsStandalone target not found
Native extension for OSXStandalone target not found
Native extension for WebGL target not found
Refreshing native plugins compatible for Editor in 37.16 ms, found 2 plugins.
Preloading 0 native plugins for Editor in 0.00 ms.
Mono: successfully reloaded assembly
- Completed reload, in  1.542 seconds
Domain Reload Profiling:
	ReloadAssembly (1542ms)
		BeginReloadAssembly (83ms)
			ExecutionOrderSort (0ms)
			DisableScriptedObjects (0ms)
			BackupInstance (0ms)
			ReleaseScriptingObjects (0ms)
			CreateAndSetChildDomain (1ms)
		EndReloadAssembly (432ms)
			LoadAssemblies (86ms)
			RebuildTransferFunctionScriptingTraits (0ms)
			SetupTypeCache (167ms)
			ReleaseScriptCaches (0ms)
			RebuildScriptCaches (25ms)
			SetupLoadedEditorAssemblies (143ms)
				LogAssemblyErrors (0ms)
				InitializePlatformSupportModulesInManaged (7ms)
				SetLoadedEditorAssemblies (0ms)
				RefreshPlugins (37ms)
				BeforeProcessingInitializeOnLoad (10ms)
				ProcessInitializeOnLoadAttributes (64ms)
				ProcessInitializeOnLoadMethodAttributes (25ms)
				AfterProcessingInitializeOnLoad (0ms)
				EditorAssembliesLoaded (0ms)
			ExecutionOrderSort2 (0ms)
			AwakeInstancesAfterBackupRestoration (0ms)
Platform modules already initialized, skipping
Registering precompiled user dll's ...
Registered in 0.007677 seconds.
Begin MonoManager ReloadAssembly
Native extension for LinuxStandalone target not found
Native extension for WindowsStandalone target not found
Native extension for OSXStandalone target not found
Native extension for WebGL target not found
Refreshing native plugins compatible for Editor in 0.40 ms, found 2 plugins.
Preloading 0 native plugins for Editor in 0.00 ms.
Mono: successfully reloaded assembly
- Completed reload, in  1.015 seconds
Domain Reload Profiling:
	ReloadAssembly (1017ms)
		BeginReloadAssembly (170ms)
			ExecutionOrderSort (0ms)
			DisableScriptedObjects (4ms)
			BackupInstance (0ms)
			ReleaseScriptingObjects (0ms)
			CreateAndSetChildDomain (19ms)
		EndReloadAssembly (790ms)
			LoadAssemblies (136ms)
			RebuildTransferFunctionScriptingTraits (0ms)
			SetupTypeCache (297ms)
			ReleaseScriptCaches (0ms)
			RebuildScriptCaches (38ms)
			SetupLoadedEditorAssemblies (270ms)
				LogAssemblyErrors (0ms)
				InitializePlatformSupportModulesInManaged (6ms)
				SetLoadedEditorAssemblies (0ms)
				RefreshPlugins (0ms)
				BeforeProcessingInitializeOnLoad (75ms)
				ProcessInitializeOnLoadAttributes (176ms)
				ProcessInitializeOnLoadMethodAttributes (7ms)
				AfterProcessingInitializeOnLoad (6ms)
				EditorAssembliesLoaded (0ms)
			ExecutionOrderSort2 (0ms)
			AwakeInstancesAfterBackupRestoration (6ms)
Platform modules already initialized, skipping
========================================================================
Worker process is ready to serve import requests
Launched and connected shader compiler UnityShaderCompiler.exe after 0.07 seconds
Refreshing native plugins compatible for Editor in 0.56 ms, found 2 plugins.
Preloading 0 native plugins for Editor in 0.00 ms.
Unloading 1709 Unused Serialized files (Serialized files now loaded: 0)
System memory in use before: 81.7 MB.
System memory in use after: 81.8 MB.

Unloading 19 unused Assets to reduce memory usage. Loaded Objects now: 2140.
Total: 3.164800 ms (FindLiveObjects: 0.281200 ms CreateObjectMapping: 0.063700 ms MarkObjects: 2.750900 ms  DeleteObjects: 0.067600 ms)

AssetImportParameters requested are different than current active one (requested -> active):
  custom:framework-win-MediaFoundation: 216162199b28c13a410421893ffa2e32 -> 
  custom:video-decoder-ogg-theora: a1e56fd34408186e4bbccfd4996cb3dc -> 
  custom:container-muxer-webm: aa71ff27fc2769a1b78a27578f13a17b -> 
  custom:container-demuxer-webm: 4f35f7cbe854078d1ac9338744f61a02 -> 
  custom:container-demuxer-ogg: 62fdf1f143b41e24485cea50d1cbac27 -> 
  custom:video-encoder-webm-vp8: eb34c28f22e8b96e1ab97ce403110664 -> 
  custom:video-decoder-webm-vp8: 9c59270c3fd7afecdb556c50c9e8de78 -> 
  custom:audio-decoder-ogg-vorbis: bf7c407c2cedff20999df2af8eb42d56 -> 
  custom:audio-encoder-webm-vorbis: bf7c407c2cedff20999df2af8eb42d56 -> 
========================================================================
Received Import Request.
  path: Assets/circle.png
  artifactKey: Guid(b70c5ea2412b1479e8c110c43bb981a8) Importer(815301076,1909f56bfc062723c751e8b465ee728b)
Start importing Assets/circle.png using Guid(b70c5ea2412b1479e8c110c43bb981a8) Importer(815301076,1909f56bfc062723c751e8b465ee728b)  -> (artifact id: 'bbaddb59ac15d826ac0f52e4c02ca0b9') in 0.127796 seconds 
  Import took 0.130625 seconds .

========================================================================
Received Import Request.
  Time since last request: 2.299369 seconds.
  path: Assets/Scenes
  artifactKey: Guid(eee8e94b528fb408481214deee71789a) Importer(815301076,1909f56bfc062723c751e8b465ee728b)
Start importing Assets/Scenes using Guid(eee8e94b528fb408481214deee71789a) Importer(815301076,1909f56bfc062723c751e8b465ee728b)  -> (artifact id: 'f3988f29e2b328b41930e22db838d7f0') in 0.005176 seconds 
  Import took 0.007883 seconds .

========================================================================
Received Import Request.
  Time since last request: 0.042100 seconds.
  path: Assets/Scenes/MusicMixer.mixer
  artifactKey: Guid(1f75042de8e56457eaeaad2287527f57) Importer(815301076,1909f56bfc062723c751e8b465ee728b)
Start importing Assets/Scenes/MusicMixer.mixer using Guid(1f75042de8e56457eaeaad2287527f57) Importer(815301076,1909f56bfc062723c751e8b465ee728b)  -> (artifact id: '479b8bdbb5a97b50653ccfb575ce3a27') in 0.013361 seconds 
  Import took 0.016599 seconds .

========================================================================
Received Import Request.
  Time since last request: 0.000168 seconds.
  path: Assets/Scenes/MusicPlayer.prefab
  artifactKey: Guid(b65e2f7b084e94b97ac5109046b5aa94) Importer(815301076,1909f56bfc062723c751e8b465ee728b)
Start importing Assets/Scenes/MusicPlayer.prefab using Guid(b65e2f7b084e94b97ac5109046b5aa94) Importer(815301076,1909f56bfc062723c751e8b465ee728b)  -> (artifact id: '5fbbc6530485c3897d170c1ac3f0467a') in 0.015137 seconds 
  Import took 0.017620 seconds .

========================================================================
Received Import Request.
  Time since last request: 1.793727 seconds.
  path: Assets/Scenes/ohMyLevelPack
  artifactKey: Guid(90f7d30ac63264cf19cb41ab6310d514) Importer(815301076,1909f56bfc062723c751e8b465ee728b)
Start importing Assets/Scenes/ohMyLevelPack using Guid(90f7d30ac63264cf19cb41ab6310d514) Importer(815301076,1909f56bfc062723c751e8b465ee728b)  -> (artifact id: '6347b42198fc0908cd4ab53857c37e16') in 0.005548 seconds 
  Import took 0.008257 seconds .

========================================================================
Received Import Request.
  Time since last request: 0.052143 seconds.
  path: Assets/Scenes/ohMyLevelPack/Volume Profile.asset
  artifactKey: Guid(6ce52f2af326741e8b53c8706feb2b91) Importer(815301076,1909f56bfc062723c751e8b465ee728b)
Start importing Assets/Scenes/ohMyLevelPack/Volume Profile.asset using Guid(6ce52f2af326741e8b53c8706feb2b91) Importer(815301076,1909f56bfc062723c751e8b465ee728b)  -> (artifact id: 'fd13bce63253a0caf26c5f70cec5e65d') in 0.015305 seconds 
  Import took 0.017964 seconds .

========================================================================
Received Import Request.
  Time since last request: 1.055543 seconds.
  path: Assets/Scenes/ohMyLevelPack/ohMyMainLevel.unity
  artifactKey: Guid(4de85622a7bff40c09927540c30a5396) Importer(815301076,1909f56bfc062723c751e8b465ee728b)
Start importing Assets/Scenes/ohMyLevelPack/ohMyMainLevel.unity using Guid(4de85622a7bff40c09927540c30a5396) Importer(815301076,1909f56bfc062723c751e8b465ee728b)  -> (artifact id: 'bb5c8e2dbc845f962ef9f6ff810620ea') in 0.006816 seconds 
  Import took 0.009668 seconds .

========================================================================
Received Import Request.
  Time since last request: 1.141264 seconds.
  path: Assets/Scenes/ohMyLevelPack/ohMyMainLevelEnd.unity
  artifactKey: Guid(f9d6f16b4ab98431ca2d4c0294bddc8d) Importer(815301076,1909f56bfc062723c751e8b465ee728b)
Start importing Assets/Scenes/ohMyLevelPack/ohMyMainLevelEnd.unity using Guid(f9d6f16b4ab98431ca2d4c0294bddc8d) Importer(815301076,1909f56bfc062723c751e8b465ee728b)  -> (artifact id: '45e6f1742ce68f7e2fc213cd00fd4280') in 0.006455 seconds 
  Import took 0.009109 seconds .

========================================================================
Received Import Request.
  Time since last request: 1.805508 seconds.
  path: Assets/Scenes/ohMyLevelPack/ohMyMainLevelGameOver.unity
  artifactKey: Guid(589cd26bc847a4041966e779c3dcdc5d) Importer(815301076,1909f56bfc062723c751e8b465ee728b)
Start importing Assets/Scenes/ohMyLevelPack/ohMyMainLevelGameOver.unity using Guid(589cd26bc847a4041966e779c3dcdc5d) Importer(815301076,1909f56bfc062723c751e8b465ee728b)  -> (artifact id: '7a881c9f8729234e73c1a2cce6d1c48a') in 0.006604 seconds 
  Import took 0.009257 seconds .

========================================================================
Received Import Request.
  Time since last request: 0.741706 seconds.
  path: Assets/Scenes/ohMyLevelPack/ohMyPassiveModeEnd.unity
  artifactKey: Guid(c5100dcdde14540b89177c3787f9300a) Importer(815301076,1909f56bfc062723c751e8b465ee728b)
Start importing Assets/Scenes/ohMyLevelPack/ohMyPassiveModeEnd.unity using Guid(c5100dcdde14540b89177c3787f9300a) Importer(815301076,1909f56bfc062723c751e8b465ee728b)  -> (artifact id: '852f24288511add861a8f4b1c7195d86') in 0.006444 seconds 
  Import took 0.009176 seconds .

========================================================================
Received Import Request.
  Time since last request: 1.703196 seconds.
  path: Assets/Scenes/ohMyLevelPack/ohMyPassiveModeLevel.unity
  artifactKey: Guid(ea2fbaba6004d421eaa2c85281702408) Importer(815301076,1909f56bfc062723c751e8b465ee728b)
Start importing Assets/Scenes/ohMyLevelPack/ohMyPassiveModeLevel.unity using Guid(ea2fbaba6004d421eaa2c85281702408) Importer(815301076,1909f56bfc062723c751e8b465ee728b)  -> (artifact id: 'c4e77cd36ce44615e16d92cde4ad2a9b') in 0.006652 seconds 
  Import took 0.009480 seconds .

========================================================================
Received Prepare
Refreshing native plugins compatible for Editor in 5.91 ms, found 2 plugins.
Preloading 0 native plugins for Editor in 0.00 ms.
Unloading 13 Unused Serialized files (Serialized files now loaded: 0)
System memory in use before: 48.2 MB.
System memory in use after: 48.3 MB.

Unloading 12 unused Assets to reduce memory usage. Loaded Objects now: 2146.
Total: 3.764800 ms (FindLiveObjects: 0.189400 ms CreateObjectMapping: 0.051900 ms MarkObjects: 3.507500 ms  DeleteObjects: 0.015000 ms)

AssetImportParameters requested are different than current active one (requested -> active):
  custom:framework-win-MediaFoundation: 216162199b28c13a410421893ffa2e32 -> 
  custom:video-decoder-ogg-theora: a1e56fd34408186e4bbccfd4996cb3dc -> 
  custom:container-muxer-webm: aa71ff27fc2769a1b78a27578f13a17b -> 
  custom:container-demuxer-webm: 4f35f7cbe854078d1ac9338744f61a02 -> 
  custom:container-demuxer-ogg: 62fdf1f143b41e24485cea50d1cbac27 -> 
  custom:video-encoder-webm-vp8: eb34c28f22e8b96e1ab97ce403110664 -> 
  custom:video-decoder-webm-vp8: 9c59270c3fd7afecdb556c50c9e8de78 -> 
  custom:audio-decoder-ogg-vorbis: bf7c407c2cedff20999df2af8eb42d56 -> 
  custom:audio-encoder-webm-vorbis: bf7c407c2cedff20999df2af8eb42d56 -> 
========================================================================
Received Import Request.
  Time since last request: 70.859833 seconds.
  path: Assets/Prefabs/Ball.prefab
  artifactKey: Guid(09d4193903af13642978499352897335) Importer(815301076,1909f56bfc062723c751e8b465ee728b)
Start importing Assets/Prefabs/Ball.prefab using Guid(09d4193903af13642978499352897335) Importer(815301076,1909f56bfc062723c751e8b465ee728b)  -> (artifact id: '703508bb0b7bb4cb26a9a8ab1c5ab166') in 0.032867 seconds 
  Import took 0.035762 seconds .

========================================================================
Received Import Request.
  Time since last request: 0.000242 seconds.
  path: Assets/Prefabs/EventSystem.prefab
  artifactKey: Guid(1bda5048a100e459f8a162ab880f7b87) Importer(815301076,1909f56bfc062723c751e8b465ee728b)
Start importing Assets/Prefabs/EventSystem.prefab using Guid(1bda5048a100e459f8a162ab880f7b87) Importer(815301076,1909f56bfc062723c751e8b465ee728b)  -> (artifact id: 'd0e9fb8ba60486604ca78f4a3b51a698') in 0.011932 seconds 
  Import took 0.014856 seconds .

========================================================================
Received Import Request.
  Time since last request: 0.000192 seconds.
  path: Assets/Prefabs/PauseMenuController.prefab
  artifactKey: Guid(fd6ba1627d1274abd8f9a37f953bf0aa) Importer(815301076,1909f56bfc062723c751e8b465ee728b)
Start importing Assets/Prefabs/PauseMenuController.prefab using Guid(fd6ba1627d1274abd8f9a37f953bf0aa) Importer(815301076,1909f56bfc062723c751e8b465ee728b)  -> (artifact id: '3950998e2384a05ccd6a3c118db139ce') in 0.009482 seconds 
  Import took 0.012086 seconds .

========================================================================
Received Import Request.
  Time since last request: 0.000175 seconds.
  path: Assets/Prefabs/OptionsButton.prefab
  artifactKey: Guid(207da1d31e6c74fa29204260c0e5abe3) Importer(815301076,1909f56bfc062723c751e8b465ee728b)
Start importing Assets/Prefabs/OptionsButton.prefab using Guid(207da1d31e6c74fa29204260c0e5abe3) Importer(815301076,1909f56bfc062723c751e8b465ee728b)  -> (artifact id: '637d8c17fd5341472c5ab0ebb4277d95') in 0.023832 seconds 
  Import took 0.026222 seconds .

========================================================================
Received Import Request.
  Time since last request: 0.000187 seconds.
  path: Assets/Prefabs/Canvas.prefab
  artifactKey: Guid(b48cd311a150a412e94b805c89e25e8f) Importer(815301076,1909f56bfc062723c751e8b465ee728b)
Start importing Assets/Prefabs/Canvas.prefab using Guid(b48cd311a150a412e94b805c89e25e8f) Importer(815301076,1909f56bfc062723c751e8b465ee728b)  -> (artifact id: '517ef715467c694b501c1b03693c747d') in 0.027366 seconds 
  Import took 0.030057 seconds .

========================================================================
Received Import Request.
  Time since last request: 0.000181 seconds.
  path: Assets/Prefabs/Player and Hexagon.prefab
  artifactKey: Guid(60a594aa080294f389bd42ace2739d17) Importer(815301076,1909f56bfc062723c751e8b465ee728b)
Start importing Assets/Prefabs/Player and Hexagon.prefab using Guid(60a594aa080294f389bd42ace2739d17) Importer(815301076,1909f56bfc062723c751e8b465ee728b)  -> (artifact id: 'c3dd30b7ab69f30d0615432d4ff81396') in 0.014738 seconds 
  Import took 0.017362 seconds .

========================================================================
Received Import Request.
  Time since last request: 0.000176 seconds.
  path: Assets/Prefabs/Button.prefab
  artifactKey: Guid(02456be7ac3726a49b1111ce524b9869) Importer(815301076,1909f56bfc062723c751e8b465ee728b)
Start importing Assets/Prefabs/Button.prefab using Guid(02456be7ac3726a49b1111ce524b9869) Importer(815301076,1909f56bfc062723c751e8b465ee728b)  -> (artifact id: '3f9c82bd1dc50d6c32a03dd303f59115') in 0.008666 seconds 
  Import took 0.011293 seconds .

========================================================================
Received Import Request.
  Time since last request: 143.245048 seconds.
  path: Assets/Backgrounds/BeatDropMenuBackground.jpeg
  artifactKey: Guid(ab4ceaeed8ae043f6b5c7c12cbe4e28b) Importer(815301076,1909f56bfc062723c751e8b465ee728b)
Start importing Assets/Backgrounds/BeatDropMenuBackground.jpeg using Guid(ab4ceaeed8ae043f6b5c7c12cbe4e28b) Importer(815301076,1909f56bfc062723c751e8b465ee728b)  -> (artifact id: '9ff5cc6cd2314f2fba9ac787e112cc9d') in 0.177735 seconds 
  Import took 0.180928 seconds .

========================================================================
Received Import Request.
  Time since last request: 0.000187 seconds.
  path: Assets/Backgrounds/y2mate.com - Earth Spin _ Free HD Stock Footage_T3-oemddnlI_1080p.mp4
  artifactKey: Guid(c83d004e284834e79a4fada5e4bb79c1) Importer(815301076,1909f56bfc062723c751e8b465ee728b)
Start importing Assets/Backgrounds/y2mate.com - Earth Spin _ Free HD Stock Footage_T3-oemddnlI_1080p.mp4 using Guid(c83d004e284834e79a4fada5e4bb79c1) Importer(815301076,1909f56bfc062723c751e8b465ee728b)  -> (artifact id: 'cad3a1b20d9f1e9c89e9da7bc0f8b483') in 0.152524 seconds 
  Import took 0.154986 seconds .

========================================================================
Received Import Request.
  Time since last request: 0.000180 seconds.
  path: Assets/Backgrounds/My_Drawing-1.sketchpad1.png
  artifactKey: Guid(adc6a6fc7c5be4b54a272e31b151210d) Importer(815301076,1909f56bfc062723c751e8b465ee728b)
Start importing Assets/Backgrounds/My_Drawing-1.sketchpad1.png using Guid(adc6a6fc7c5be4b54a272e31b151210d) Importer(815301076,1909f56bfc062723c751e8b465ee728b)  -> (artifact id: '3d2f83b8c7d83aba6a81d2d55fa0023a') in 0.233917 seconds 
  Import took 0.236666 seconds .

========================================================================
Received Import Request.
  Time since last request: 0.000232 seconds.
  path: Assets/Backgrounds/videoplayback (2).mp4
  artifactKey: Guid(8914b8c5e996a472a86886111367f114) Importer(815301076,1909f56bfc062723c751e8b465ee728b)
Start importing Assets/Backgrounds/videoplayback (2).mp4 using Guid(8914b8c5e996a472a86886111367f114) Importer(815301076,1909f56bfc062723c751e8b465ee728b)  -> (artifact id: 'f20de70532fceea329b5d50f6f192a5b') in 0.093999 seconds 
  Import took 0.097999 seconds .

========================================================================
Received Import Request.
  Time since last request: 0.000575 seconds.
  path: Assets/Backgrounds/LevelSelectBackground.jpeg
  artifactKey: Guid(d80eede85f4464e1397d011b902c37c4) Importer(815301076,1909f56bfc062723c751e8b465ee728b)
Start importing Assets/Backgrounds/LevelSelectBackground.jpeg using Guid(d80eede85f4464e1397d011b902c37c4) Importer(815301076,1909f56bfc062723c751e8b465ee728b)  -> (artifact id: '1a48dc3cf38af5180a253e4215c0a7c1') in 0.129360 seconds 
  Import took 0.133505 seconds .

========================================================================
Received Import Request.
  Time since last request: 0.000176 seconds.
  path: Assets/Backgrounds/download-1.jpg
  artifactKey: Guid(4bac0b4973ed049e9a0e1724412a063c) Importer(815301076,1909f56bfc062723c751e8b465ee728b)
Start importing Assets/Backgrounds/download-1.jpg using Guid(4bac0b4973ed049e9a0e1724412a063c) Importer(815301076,1909f56bfc062723c751e8b465ee728b)  -> (artifact id: '746893b6109a195286bf7638c291d60b') in 0.099076 seconds 
  Import took 0.111056 seconds .

========================================================================
Received Import Request.
  Time since last request: 0.000171 seconds.
  path: Assets/Backgrounds/images-1.jpg
  artifactKey: Guid(5dd07c6bec2dd45f09a4870a7bad3639) Importer(815301076,1909f56bfc062723c751e8b465ee728b)
Start importing Assets/Backgrounds/images-1.jpg using Guid(5dd07c6bec2dd45f09a4870a7bad3639) Importer(815301076,1909f56bfc062723c751e8b465ee728b)  -> (artifact id: '4212c010bfedd1ee871dc34497f86701') in 0.043077 seconds 
  Import took 0.045473 seconds .

========================================================================
Received Import Request.
  Time since last request: 0.000235 seconds.
  path: Assets/Backgrounds/images.jpg
  artifactKey: Guid(007112eae0ef64c39a80aa965f251bd5) Importer(815301076,1909f56bfc062723c751e8b465ee728b)
Start importing Assets/Backgrounds/images.jpg using Guid(007112eae0ef64c39a80aa965f251bd5) Importer(815301076,1909f56bfc062723c751e8b465ee728b)  -> (artifact id: 'c2c2dbaef5b703c2934a899d23024022') in 0.062926 seconds 
  Import took 0.065913 seconds .

========================================================================
Received Import Request.
  Time since last request: 0.000181 seconds.
  path: Assets/Backgrounds/download-2.jpg
  artifactKey: Guid(6694a11da14504becbd5f7c9fe1c7b15) Importer(815301076,1909f56bfc062723c751e8b465ee728b)
Start importing Assets/Backgrounds/download-2.jpg using Guid(6694a11da14504becbd5f7c9fe1c7b15) Importer(815301076,1909f56bfc062723c751e8b465ee728b)  -> (artifact id: 'b1e0ba943fdeb8669dc60880c43c44ae') in 0.034514 seconds 
  Import took 0.036949 seconds .

========================================================================
Received Import Request.
  Time since last request: 0.000179 seconds.
  path: Assets/Backgrounds/BeatDropMenuBackground.png
  artifactKey: Guid(23ee419917daf418b9085a593913fe23) Importer(815301076,1909f56bfc062723c751e8b465ee728b)
Start importing Assets/Backgrounds/BeatDropMenuBackground.png using Guid(23ee419917daf418b9085a593913fe23) Importer(815301076,1909f56bfc062723c751e8b465ee728b)  -> (artifact id: '93a79407099a39d4e3f38cf2057c5ec8') in 0.089315 seconds 
  Import took 0.091801 seconds .

========================================================================
Received Import Request.
  Time since last request: 0.000179 seconds.
  path: Assets/Backgrounds/download.jpg
  artifactKey: Guid(95eaae28214f546909985983abbec2b0) Importer(815301076,1909f56bfc062723c751e8b465ee728b)
Start importing Assets/Backgrounds/download.jpg using Guid(95eaae28214f546909985983abbec2b0) Importer(815301076,1909f56bfc062723c751e8b465ee728b)  -> (artifact id: '0c71b1109d59ff5531d851d78c5c006a') in 0.050313 seconds 
  Import took 0.052911 seconds .

========================================================================
Received Import Request.
  Time since last request: 0.000494 seconds.
  path: Assets/Backgrounds/sci-fi-city-81226.jpg
  artifactKey: Guid(8ab438805c31f4f8697b5696881bea53) Importer(815301076,1909f56bfc062723c751e8b465ee728b)
Start importing Assets/Backgrounds/sci-fi-city-81226.jpg using Guid(8ab438805c31f4f8697b5696881bea53) Importer(815301076,1909f56bfc062723c751e8b465ee728b)  -> (artifact id: '3491acf97980a5813b3fa9541ef31503') in 0.047727 seconds 
  Import took 0.050955 seconds .

========================================================================
Received Import Request.
  Time since last request: 0.000170 seconds.
  path: Assets/Backgrounds/Drawing (1).png
  artifactKey: Guid(2492462b6aa1445739ead51c36771c19) Importer(815301076,1909f56bfc062723c751e8b465ee728b)
Start importing Assets/Backgrounds/Drawing (1).png using Guid(2492462b6aa1445739ead51c36771c19) Importer(815301076,1909f56bfc062723c751e8b465ee728b)  -> (artifact id: 'ef9360dd100c78ad2e12ea21a95abbd2') in 0.232786 seconds 
  Import took 0.235486 seconds .

========================================================================
Received Import Request.
  Time since last request: 81.695534 seconds.
  path: Assets/Sprites/600px-Green_equilateral_triangle_point_up.svg.png
  artifactKey: Guid(5eb9510da5c19454cb5c0f6a2fee1f7c) Importer(815301076,1909f56bfc062723c751e8b465ee728b)
Start importing Assets/Sprites/600px-Green_equilateral_triangle_point_up.svg.png using Guid(5eb9510da5c19454cb5c0f6a2fee1f7c) Importer(815301076,1909f56bfc062723c751e8b465ee728b)  -> (artifact id: '26acd23675461cd9a432bbee84d8cc4f') in 0.051304 seconds 
  Import took 0.054127 seconds .

========================================================================
Received Import Request.
  Time since last request: 0.000193 seconds.
  path: Assets/Sprites/black-and-white-triangle-png-13.png
  artifactKey: Guid(b991441695ba34d3c9eece4a20651ebc) Importer(815301076,1909f56bfc062723c751e8b465ee728b)
Start importing Assets/Sprites/black-and-white-triangle-png-13.png using Guid(b991441695ba34d3c9eece4a20651ebc) Importer(815301076,1909f56bfc062723c751e8b465ee728b)  -> (artifact id: 'ea3e855838f696622f7400ae5a979c11') in 0.022423 seconds 
  Import took 0.025139 seconds .

========================================================================
Received Import Request.
  Time since last request: 0.000211 seconds.
  path: Assets/Sprites/Triangle.png
  artifactKey: Guid(841c8a79fa61daf49a34499bcbc752e8) Importer(815301076,1909f56bfc062723c751e8b465ee728b)
Start importing Assets/Sprites/Triangle.png using Guid(841c8a79fa61daf49a34499bcbc752e8) Importer(815301076,1909f56bfc062723c751e8b465ee728b)  -> (artifact id: '1bcab3b0ee4d6d8d784654a5af8f6c18') in 0.021636 seconds 
  Import took 0.024476 seconds .

========================================================================
Received Import Request.
  Time since last request: 0.000182 seconds.
  path: Assets/Sprites/Circle.png
  artifactKey: Guid(ce947e559af0ec84985590cc190f13b5) Importer(815301076,1909f56bfc062723c751e8b465ee728b)
Start importing Assets/Sprites/Circle.png using Guid(ce947e559af0ec84985590cc190f13b5) Importer(815301076,1909f56bfc062723c751e8b465ee728b)  -> (artifact id: 'bdd2411572b0edcea324f99bbb3d5741') in 0.032446 seconds 
  Import took 0.035374 seconds .

========================================================================
Received Import Request.
  Time since last request: 0.000191 seconds.
  path: Assets/Sprites/Picture 2.png
  artifactKey: Guid(e94818fe628b94c8cb1f06d940e81b56) Importer(815301076,1909f56bfc062723c751e8b465ee728b)
Start importing Assets/Sprites/Picture 2.png using Guid(e94818fe628b94c8cb1f06d940e81b56) Importer(815301076,1909f56bfc062723c751e8b465ee728b)  -> (artifact id: 'f21801e1e9862ade35cb19deca403e9f') in 0.029067 seconds 
  Import took 0.031782 seconds .

========================================================================
Received Import Request.
  Time since last request: 0.000201 seconds.
  path: Assets/Sprites/Picture 1.png
  artifactKey: Guid(efe9c540e790d476ca765f0460069b01) Importer(815301076,1909f56bfc062723c751e8b465ee728b)
Start importing Assets/Sprites/Picture 1.png using Guid(efe9c540e790d476ca765f0460069b01) Importer(815301076,1909f56bfc062723c751e8b465ee728b)  -> (artifact id: '4f10105f66db42254eb27a6071128389') in 0.026846 seconds 
  Import took 0.029612 seconds .

========================================================================
Received Prepare
Registering precompiled user dll's ...
Registered in 0.035792 seconds.
Begin MonoManager ReloadAssembly
Native extension for LinuxStandalone target not found
Native extension for WindowsStandalone target not found
Native extension for OSXStandalone target not found
Native extension for WebGL target not found
Refreshing native plugins compatible for Editor in 0.43 ms, found 2 plugins.
Preloading 0 native plugins for Editor in 0.00 ms.
Mono: successfully reloaded assembly
- Completed reload, in  1.034 seconds
Domain Reload Profiling:
	ReloadAssembly (1034ms)
		BeginReloadAssembly (179ms)
			ExecutionOrderSort (0ms)
			DisableScriptedObjects (4ms)
			BackupInstance (0ms)
			ReleaseScriptingObjects (0ms)
			CreateAndSetChildDomain (39ms)
		EndReloadAssembly (781ms)
			LoadAssemblies (163ms)
			RebuildTransferFunctionScriptingTraits (0ms)
			SetupTypeCache (283ms)
			ReleaseScriptCaches (1ms)
			RebuildScriptCaches (42ms)
			SetupLoadedEditorAssemblies (262ms)
				LogAssemblyErrors (0ms)
				InitializePlatformSupportModulesInManaged (7ms)
				SetLoadedEditorAssemblies (0ms)
				RefreshPlugins (0ms)
				BeforeProcessingInitializeOnLoad (78ms)
				ProcessInitializeOnLoadAttributes (160ms)
				ProcessInitializeOnLoadMethodAttributes (8ms)
				AfterProcessingInitializeOnLoad (7ms)
				EditorAssembliesLoaded (0ms)
			ExecutionOrderSort2 (0ms)
			AwakeInstancesAfterBackupRestoration (7ms)
Platform modules already initialized, skipping
Refreshing native plugins compatible for Editor in 0.62 ms, found 2 plugins.
Preloading 0 native plugins for Editor in 0.00 ms.
Unloading 1663 Unused Serialized files (Serialized files now loaded: 0)
System memory in use before: 80.9 MB.
System memory in use after: 81.0 MB.

Unloading 17 unused Assets to reduce memory usage. Loaded Objects now: 2169.
Total: 3.850100 ms (FindLiveObjects: 0.293600 ms CreateObjectMapping: 0.057000 ms MarkObjects: 3.465300 ms  DeleteObjects: 0.033000 ms)

AssetImportParameters requested are different than current active one (requested -> active):
  custom:framework-win-MediaFoundation: 216162199b28c13a410421893ffa2e32 -> 
  custom:video-decoder-ogg-theora: a1e56fd34408186e4bbccfd4996cb3dc -> 
  custom:container-muxer-webm: aa71ff27fc2769a1b78a27578f13a17b -> 
  custom:container-demuxer-webm: 4f35f7cbe854078d1ac9338744f61a02 -> 
  custom:container-demuxer-ogg: 62fdf1f143b41e24485cea50d1cbac27 -> 
  custom:video-encoder-webm-vp8: eb34c28f22e8b96e1ab97ce403110664 -> 
  custom:video-decoder-webm-vp8: 9c59270c3fd7afecdb556c50c9e8de78 -> 
  custom:audio-decoder-ogg-vorbis: bf7c407c2cedff20999df2af8eb42d56 -> 
  custom:audio-encoder-webm-vorbis: bf7c407c2cedff20999df2af8eb42d56 -> 
========================================================================
Received Import Request.
  Time since last request: 103.638048 seconds.
  path: Assets/Sprites/Health
  artifactKey: Guid(8072c523522154360a4f6793e49fa0c1) Importer(815301076,1909f56bfc062723c751e8b465ee728b)
Start importing Assets/Sprites/Health using Guid(8072c523522154360a4f6793e49fa0c1) Importer(815301076,1909f56bfc062723c751e8b465ee728b)  -> (artifact id: '60b88c5caad7911e4cc3318e171c8b77') in 0.011047 seconds 
  Import took 0.014109 seconds .

AssetImportWorkerClient::OnTransportError - code=2 error=End of file
